This file contains any messages produced by compilers while
running configure, to aid debugging if configure makes a mistake.

It was created by MedialAxisTransform configure 1.0, which was
generated by GNU Autoconf 2.61.  Invocation command line was

  $ ./configure 

## --------- ##
## Platform. ##
## --------- ##

hostname = Beaus-MacBook-Pro.local
uname -m = x86_64
uname -r = 11.1.0
uname -s = Darwin
uname -v = Darwin Kernel Version 11.1.0: Tue Jul 26 16:07:11 PDT 2011; root:xnu-1699.22.81~1/RELEASE_X86_64

/usr/bin/uname -p = i386
/bin/uname -X     = unknown

/bin/arch              = unknown
/usr/bin/arch -k       = unknown
/usr/convex/getsysinfo = unknown
/usr/bin/hostinfo      = Mach kernel version:
	 Darwin Kernel Version 11.1.0: Tue Jul 26 16:07:11 PDT 2011; root:xnu-1699.22.81~1/RELEASE_X86_64
Kernel configured for up to 8 processors.
4 processors are physically available.
8 processors are logically available.
Processor type: i486 (Intel 80486)
Processors active: 0 1 2 3 4 5 6 7
Primary memory available: 8.00 gigabytes
Default processor set: 123 tasks, 607 threads, 8 processors
Load average: 2.74, Mach factor: 5.24
/bin/machine           = unknown
/usr/bin/oslevel       = unknown
/bin/universe          = unknown

PATH: /opt/local/bin
PATH: /opt/local/sbin
PATH: /opt/local/bin
PATH: /opt/local/sbin
PATH: /opt/local/bin
PATH: /opt/local/sbin
PATH: /opt/local/bin
PATH: /opt/local/sbin
PATH: /opt/local/bin
PATH: /opt/local/sbin
PATH: /opt/local/bin
PATH: /opt/local/sbin
PATH: /usr/bin
PATH: /bin
PATH: /usr/sbin
PATH: /sbin
PATH: /usr/local/bin
PATH: /usr/X11/bin


## ----------- ##
## Core tests. ##
## ----------- ##

configure:1851: checking for a BSD-compatible install
configure:1907: result: /usr/bin/install -c
configure:1918: checking whether build environment is sane
configure:1961: result: yes
configure:1989: checking for a thread-safe mkdir -p
configure:2028: result: ./install-sh -c -d
configure:2041: checking for gawk
configure:2071: result: no
configure:2041: checking for mawk
configure:2071: result: no
configure:2041: checking for nawk
configure:2071: result: no
configure:2041: checking for awk
configure:2057: found /usr/bin/awk
configure:2068: result: awk
configure:2079: checking whether make sets $(MAKE)
configure:2100: result: yes
configure:2326: checking build system type
configure:2344: result: i386-apple-darwin11.1.0
configure:2366: checking host system type
configure:2381: result: i386-apple-darwin11.1.0
configure:2424: checking how to print strings
configure:2451: result: printf
configure:2484: checking for style of include used by make
configure:2512: result: GNU
configure:2582: checking for gcc
configure:2598: found /usr/bin/gcc
configure:2609: result: gcc
configure:2847: checking for C compiler version
configure:2854: gcc --version >&5
i686-apple-darwin11-llvm-gcc-4.2 (GCC) 4.2.1 (Based on Apple Inc. build 5658) (LLVM build 2335.15.00)
Copyright (C) 2007 Free Software Foundation, Inc.
This is free software; see the source for copying conditions.  There is NO
warranty; not even for MERCHANTABILITY or FITNESS FOR A PARTICULAR PURPOSE.

configure:2857: $? = 0
configure:2864: gcc -v >&5
Using built-in specs.
Target: i686-apple-darwin11
Configured with: /private/var/tmp/llvmgcc42/llvmgcc42-2335.15~25/src/configure --disable-checking --enable-werror --prefix=/Developer/usr/llvm-gcc-4.2 --mandir=/share/man --enable-languages=c,objc,c++,obj-c++ --program-prefix=llvm- --program-transform-name=/^[cg][^.-]*$/s/$/-4.2/ --with-slibdir=/usr/lib --build=i686-apple-darwin11 --enable-llvm=/private/var/tmp/llvmgcc42/llvmgcc42-2335.15~25/dst-llvmCore/Developer/usr/local --program-prefix=i686-apple-darwin11- --host=x86_64-apple-darwin11 --target=i686-apple-darwin11 --with-gxx-include-dir=/usr/include/c++/4.2.1
Thread model: posix
gcc version 4.2.1 (Based on Apple Inc. build 5658) (LLVM build 2335.15.00)
configure:2867: $? = 0
configure:2874: gcc -V >&5
llvm-gcc-4.2: argument to `-V' is missing
configure:2877: $? = 1
configure:2900: checking for C compiler default output file name
configure:2927: gcc    conftest.c  >&5
configure:2930: $? = 0
configure:2968: result: a.out
configure:2985: checking whether the C compiler works
configure:2995: ./a.out
configure:2998: $? = 0
configure:3015: result: yes
configure:3022: checking whether we are cross compiling
configure:3024: result: no
configure:3027: checking for suffix of executables
configure:3034: gcc -o conftest    conftest.c  >&5
configure:3037: $? = 0
configure:3061: result: 
configure:3067: checking for suffix of object files
configure:3093: gcc -c   conftest.c >&5
configure:3096: $? = 0
configure:3119: result: o
configure:3123: checking whether we are using the GNU C compiler
configure:3152: gcc -c   conftest.c >&5
configure:3158: $? = 0
configure:3175: result: yes
configure:3180: checking whether gcc accepts -g
configure:3210: gcc -c -g  conftest.c >&5
configure:3216: $? = 0
configure:3315: result: yes
configure:3332: checking for gcc option to accept ISO C89
configure:3406: gcc  -c -g -O2  conftest.c >&5
configure:3412: $? = 0
configure:3435: result: none needed
configure:3455: checking dependency style of gcc
configure:3546: result: gcc3
configure:3561: checking for a sed that does not truncate output
configure:3640: result: /usr/bin/sed
configure:3658: checking for grep that handles long lines and -e
configure:3732: result: /usr/bin/grep
configure:3737: checking for egrep
configure:3815: result: /usr/bin/grep -E
configure:3820: checking for fgrep
configure:3898: result: /usr/bin/grep -F
configure:3933: checking for ld used by gcc
configure:4000: result: /usr/llvm-gcc-4.2/libexec/gcc/i686-apple-darwin11/4.2.1/ld
configure:4009: checking if the linker (/usr/llvm-gcc-4.2/libexec/gcc/i686-apple-darwin11/4.2.1/ld) is GNU ld
configure:4024: result: no
configure:4036: checking for BSD- or MS-compatible name lister (nm)
configure:4085: result: /usr/bin/nm
configure:4219: checking the name lister (/usr/bin/nm) interface
configure:4226: gcc -c -g -O2  conftest.c >&5
configure:4229: /usr/bin/nm "conftest.o"
configure:4232: output
00000000000001f8 S _some_variable
configure:4239: result: BSD nm
configure:4242: checking whether ln -s works
configure:4246: result: yes
configure:4254: checking the maximum length of command line arguments
configure:4379: result: 196608
configure:4396: checking whether the shell understands some XSI constructs
configure:4406: result: yes
configure:4410: checking whether the shell understands "+="
configure:4416: result: yes
configure:4451: checking for /usr/llvm-gcc-4.2/libexec/gcc/i686-apple-darwin11/4.2.1/ld option to reload object files
configure:4458: result: -r
configure:4527: checking for objdump
configure:4557: result: no
configure:4590: checking how to recognize dependent libraries
configure:4792: result: pass_all
configure:4852: checking for ar
configure:4868: found /usr/bin/ar
configure:4879: result: ar
configure:4961: checking for strip
configure:4977: found /usr/bin/strip
configure:4988: result: strip
configure:5064: checking for ranlib
configure:5080: found /usr/bin/ranlib
configure:5091: result: ranlib
configure:5197: checking command to parse /usr/bin/nm output from gcc object
configure:5315: gcc -c -g -O2  conftest.c >&5
configure:5318: $? = 0
configure:5322: /usr/bin/nm conftest.o \| sed -n -e 's/^.*[ ]\([BCDEGRST][BCDEGRST]*\)[ ][ ]*\([_A-Za-z][_A-Za-z0-9]*\)$/\1 \2 \2/p' \> conftest.nm
configure:5325: $? = 0
cannot find nm_test_var in conftest.nm
configure:5315: gcc -c -g -O2  conftest.c >&5
configure:5318: $? = 0
configure:5322: /usr/bin/nm conftest.o \| sed -n -e 's/^.*[ ]\([BCDEGRST][BCDEGRST]*\)[ ][ ]*_\([_A-Za-z][_A-Za-z0-9]*\)$/\1 _\2 \2/p' \> conftest.nm
configure:5325: $? = 0
configure:5379: gcc -o conftest -g -O2   conftest.c conftstm.o >&5
configure:5382: $? = 0
configure:5420: result: ok
configure:5710: checking for dsymutil
configure:5726: found /usr/bin/dsymutil
configure:5737: result: dsymutil
configure:5806: checking for nmedit
configure:5822: found /usr/bin/nmedit
configure:5833: result: nmedit
configure:5902: checking for lipo
configure:5918: found /usr/bin/lipo
configure:5929: result: lipo
configure:5998: checking for otool
configure:6014: found /usr/bin/otool
configure:6025: result: otool
configure:6094: checking for otool64
configure:6124: result: no
configure:6173: checking for -single_module linker flag
gcc -g -O2  -o libconftest.dylib -dynamiclib -Wl,-single_module conftest.c
configure:6200: result: yes
configure:6202: checking for -exported_symbols_list linker flag
configure:6232: gcc -o conftest -g -O2   -Wl,-exported_symbols_list,conftest.sym conftest.c  >&5
configure:6238: $? = 0
configure:6257: result: yes
configure:6259: checking for -force_load linker flag
gcc -g -O2 -c -o conftest.o conftest.c
ar cru libconftest.a conftest.o
ranlib libconftest.a
gcc -g -O2  -o conftest conftest.c -Wl,-force_load,./libconftest.a
configure:6289: result: yes
configure:6331: checking how to run the C preprocessor
configure:6371: gcc -E  conftest.c
configure:6377: $? = 0
configure:6408: gcc -E  conftest.c
conftest.c:10:28: error: ac_nonexistent.h: No such file or directory
configure:6414: $? = 1
configure: failed program was:
| /* confdefs.h.  */
| #define PACKAGE_NAME "MedialAxisTransform"
| #define PACKAGE_TARNAME "medialaxistransform"
| #define PACKAGE_VERSION "1.0"
| #define PACKAGE_STRING "MedialAxisTransform 1.0"
| #define PACKAGE_BUGREPORT "beau@inbeta.org"
| #define PACKAGE "MedialAxisTransform"
| #define VERSION ""
| /* end confdefs.h.  */
| #include <ac_nonexistent.h>
configure:6447: result: gcc -E
configure:6476: gcc -E  conftest.c
configure:6482: $? = 0
configure:6513: gcc -E  conftest.c
conftest.c:10:28: error: ac_nonexistent.h: No such file or directory
configure:6519: $? = 1
configure: failed program was:
| /* confdefs.h.  */
| #define PACKAGE_NAME "MedialAxisTransform"
| #define PACKAGE_TARNAME "medialaxistransform"
| #define PACKAGE_VERSION "1.0"
| #define PACKAGE_STRING "MedialAxisTransform 1.0"
| #define PACKAGE_BUGREPORT "beau@inbeta.org"
| #define PACKAGE "MedialAxisTransform"
| #define VERSION ""
| /* end confdefs.h.  */
| #include <ac_nonexistent.h>
configure:6557: checking for ANSI C header files
configure:6587: gcc -c -g -O2  conftest.c >&5
configure:6593: $? = 0
configure:6692: gcc -o conftest -g -O2   conftest.c  >&5
configure:6695: $? = 0
configure:6701: ./conftest
configure:6704: $? = 0
configure:6721: result: yes
configure:6745: checking for sys/types.h
configure:6766: gcc -c -g -O2  conftest.c >&5
configure:6772: $? = 0
configure:6788: result: yes
configure:6745: checking for sys/stat.h
configure:6766: gcc -c -g -O2  conftest.c >&5
configure:6772: $? = 0
configure:6788: result: yes
configure:6745: checking for stdlib.h
configure:6766: gcc -c -g -O2  conftest.c >&5
configure:6772: $? = 0
configure:6788: result: yes
configure:6745: checking for string.h
configure:6766: gcc -c -g -O2  conftest.c >&5
configure:6772: $? = 0
configure:6788: result: yes
configure:6745: checking for memory.h
configure:6766: gcc -c -g -O2  conftest.c >&5
configure:6772: $? = 0
configure:6788: result: yes
configure:6745: checking for strings.h
configure:6766: gcc -c -g -O2  conftest.c >&5
configure:6772: $? = 0
configure:6788: result: yes
configure:6745: checking for inttypes.h
configure:6766: gcc -c -g -O2  conftest.c >&5
configure:6772: $? = 0
configure:6788: result: yes
configure:6745: checking for stdint.h
configure:6766: gcc -c -g -O2  conftest.c >&5
configure:6772: $? = 0
configure:6788: result: yes
configure:6745: checking for unistd.h
configure:6766: gcc -c -g -O2  conftest.c >&5
configure:6772: $? = 0
configure:6788: result: yes
configure:6804: checking for dlfcn.h
configure:6825: gcc -c -g -O2  conftest.c >&5
configure:6831: $? = 0
configure:6847: result: yes
configure:7034: checking for objdir
configure:7049: result: .libs
configure:7320: checking if gcc supports -fno-rtti -fno-exceptions
configure:7338: gcc -c -g -O2  -fno-rtti -fno-exceptions conftest.c >&5
cc1: warning: command line option "-fno-rtti" is valid for C++/ObjC++ but not for C
configure:7342: $? = 0
configure:7355: result: no
configure:7375: checking for gcc option to produce PIC
configure:7660: result: -fno-common -DPIC
configure:7672: checking if gcc PIC flag -fno-common -DPIC works
configure:7690: gcc -c -g -O2  -fno-common -DPIC -DPIC conftest.c >&5
configure:7694: $? = 0
configure:7707: result: yes
configure:7731: checking if gcc static flag -static works
configure:7759: result: no
configure:7774: checking if gcc supports -c -o file.o
configure:7795: gcc -c -g -O2  -o out/conftest2.o conftest.c >&5
configure:7799: $? = 0
configure:7821: result: yes
configure:7829: checking if gcc supports -c -o file.o
configure:7876: result: yes
configure:7909: checking whether the gcc linker (/usr/llvm-gcc-4.2/libexec/gcc/i686-apple-darwin11/4.2.1/ld) supports shared libraries
configure:9060: result: yes
configure:9305: checking dynamic linker characteristics
configure:10010: result: darwin11.1.0 dyld
configure:10117: checking how to hardcode library paths into programs
configure:10142: result: immediate
configure:10967: checking whether stripping libraries is possible
configure:10981: result: yes
configure:11007: checking if libtool supports shared libraries
configure:11009: result: yes
configure:11012: checking whether to build shared libraries
configure:11033: result: yes
configure:11036: checking whether to build static libraries
configure:11040: result: yes
configure:11080: checking for gawk
configure:11107: result: awk
configure:11166: checking for gcc
configure:11193: result: gcc
configure:11431: checking for C compiler version
configure:11438: gcc --version >&5
i686-apple-darwin11-llvm-gcc-4.2 (GCC) 4.2.1 (Based on Apple Inc. build 5658) (LLVM build 2335.15.00)
Copyright (C) 2007 Free Software Foundation, Inc.
This is free software; see the source for copying conditions.  There is NO
warranty; not even for MERCHANTABILITY or FITNESS FOR A PARTICULAR PURPOSE.

configure:11441: $? = 0
configure:11448: gcc -v >&5
Using built-in specs.
Target: i686-apple-darwin11
Configured with: /private/var/tmp/llvmgcc42/llvmgcc42-2335.15~25/src/configure --disable-checking --enable-werror --prefix=/Developer/usr/llvm-gcc-4.2 --mandir=/share/man --enable-languages=c,objc,c++,obj-c++ --program-prefix=llvm- --program-transform-name=/^[cg][^.-]*$/s/$/-4.2/ --with-slibdir=/usr/lib --build=i686-apple-darwin11 --enable-llvm=/private/var/tmp/llvmgcc42/llvmgcc42-2335.15~25/dst-llvmCore/Developer/usr/local --program-prefix=i686-apple-darwin11- --host=x86_64-apple-darwin11 --target=i686-apple-darwin11 --with-gxx-include-dir=/usr/include/c++/4.2.1
Thread model: posix
gcc version 4.2.1 (Based on Apple Inc. build 5658) (LLVM build 2335.15.00)
configure:11451: $? = 0
configure:11458: gcc -V >&5
llvm-gcc-4.2: argument to `-V' is missing
configure:11461: $? = 1
configure:11464: checking whether we are using the GNU C compiler
configure:11516: result: yes
configure:11521: checking whether gcc accepts -g
configure:11656: result: yes
configure:11673: checking for gcc option to accept ISO C89
configure:11776: result: none needed
configure:11796: checking dependency style of gcc
configure:11887: result: gcc3
configure:11960: checking for g++
configure:11976: found /usr/bin/g++
configure:11987: result: g++
configure:12018: checking for C++ compiler version
configure:12025: g++ --version >&5
i686-apple-darwin11-llvm-g++-4.2 (GCC) 4.2.1 (Based on Apple Inc. build 5658) (LLVM build 2335.15.00)
Copyright (C) 2007 Free Software Foundation, Inc.
This is free software; see the source for copying conditions.  There is NO
warranty; not even for MERCHANTABILITY or FITNESS FOR A PARTICULAR PURPOSE.

configure:12028: $? = 0
configure:12035: g++ -v >&5
Using built-in specs.
Target: i686-apple-darwin11
Configured with: /private/var/tmp/llvmgcc42/llvmgcc42-2335.15~25/src/configure --disable-checking --enable-werror --prefix=/Developer/usr/llvm-gcc-4.2 --mandir=/share/man --enable-languages=c,objc,c++,obj-c++ --program-prefix=llvm- --program-transform-name=/^[cg][^.-]*$/s/$/-4.2/ --with-slibdir=/usr/lib --build=i686-apple-darwin11 --enable-llvm=/private/var/tmp/llvmgcc42/llvmgcc42-2335.15~25/dst-llvmCore/Developer/usr/local --program-prefix=i686-apple-darwin11- --host=x86_64-apple-darwin11 --target=i686-apple-darwin11 --with-gxx-include-dir=/usr/include/c++/4.2.1
Thread model: posix
gcc version 4.2.1 (Based on Apple Inc. build 5658) (LLVM build 2335.15.00)
configure:12038: $? = 0
configure:12045: g++ -V >&5
llvm-g++-4.2: argument to `-V' is missing
configure:12048: $? = 1
configure:12051: checking whether we are using the GNU C++ compiler
configure:12080: g++ -c   conftest.cpp >&5
configure:12086: $? = 0
configure:12103: result: yes
configure:12108: checking whether g++ accepts -g
configure:12138: g++ -c -g  conftest.cpp >&5
configure:12144: $? = 0
configure:12243: result: yes
configure:12268: checking dependency style of g++
configure:12359: result: gcc3
configure:12382: checking how to run the C++ preprocessor
configure:12418: g++ -E  conftest.cpp
configure:12424: $? = 0
configure:12455: g++ -E  conftest.cpp
conftest.cpp:22:28: error: ac_nonexistent.h: No such file or directory
configure:12461: $? = 1
configure: failed program was:
| /* confdefs.h.  */
| #define PACKAGE_NAME "MedialAxisTransform"
| #define PACKAGE_TARNAME "medialaxistransform"
| #define PACKAGE_VERSION "1.0"
| #define PACKAGE_STRING "MedialAxisTransform 1.0"
| #define PACKAGE_BUGREPORT "beau@inbeta.org"
| #define PACKAGE "MedialAxisTransform"
| #define VERSION ""
| #define STDC_HEADERS 1
| #define HAVE_SYS_TYPES_H 1
| #define HAVE_SYS_STAT_H 1
| #define HAVE_STDLIB_H 1
| #define HAVE_STRING_H 1
| #define HAVE_MEMORY_H 1
| #define HAVE_STRINGS_H 1
| #define HAVE_INTTYPES_H 1
| #define HAVE_STDINT_H 1
| #define HAVE_UNISTD_H 1
| #define HAVE_DLFCN_H 1
| #define LT_OBJDIR ".libs/"
| /* end confdefs.h.  */
| #include <ac_nonexistent.h>
configure:12494: result: g++ -E
configure:12523: g++ -E  conftest.cpp
configure:12529: $? = 0
configure:12560: g++ -E  conftest.cpp
conftest.cpp:22:28: error: ac_nonexistent.h: No such file or directory
configure:12566: $? = 1
configure: failed program was:
| /* confdefs.h.  */
| #define PACKAGE_NAME "MedialAxisTransform"
| #define PACKAGE_TARNAME "medialaxistransform"
| #define PACKAGE_VERSION "1.0"
| #define PACKAGE_STRING "MedialAxisTransform 1.0"
| #define PACKAGE_BUGREPORT "beau@inbeta.org"
| #define PACKAGE "MedialAxisTransform"
| #define VERSION ""
| #define STDC_HEADERS 1
| #define HAVE_SYS_TYPES_H 1
| #define HAVE_SYS_STAT_H 1
| #define HAVE_STDLIB_H 1
| #define HAVE_STRING_H 1
| #define HAVE_MEMORY_H 1
| #define HAVE_STRINGS_H 1
| #define HAVE_INTTYPES_H 1
| #define HAVE_STDINT_H 1
| #define HAVE_UNISTD_H 1
| #define HAVE_DLFCN_H 1
| #define LT_OBJDIR ".libs/"
| /* end confdefs.h.  */
| #include <ac_nonexistent.h>
configure:12743: checking for ld used by g++
configure:12810: result: /usr/llvm-gcc-4.2/libexec/gcc/i686-apple-darwin11/4.2.1/ld
configure:12819: checking if the linker (/usr/llvm-gcc-4.2/libexec/gcc/i686-apple-darwin11/4.2.1/ld) is GNU ld
configure:12834: result: no
configure:12889: checking whether the g++ linker (/usr/llvm-gcc-4.2/libexec/gcc/i686-apple-darwin11/4.2.1/ld) supports shared libraries
configure:13875: result: yes
configure:13903: g++ -c -g -O2  conftest.cpp >&5
configure:13906: $? = 0
configure:14088: checking for g++ option to produce PIC
configure:14410: result: -fno-common -DPIC
configure:14419: checking if g++ PIC flag -fno-common -DPIC works
configure:14437: g++ -c -g -O2  -fno-common -DPIC -DPIC conftest.cpp >&5
configure:14441: $? = 0
configure:14454: result: yes
configure:14475: checking if g++ static flag -static works
configure:14503: result: no
configure:14515: checking if g++ supports -c -o file.o
configure:14536: g++ -c -g -O2  -o out/conftest2.o conftest.cpp >&5
configure:14540: $? = 0
configure:14562: result: yes
configure:14567: checking if g++ supports -c -o file.o
configure:14614: result: yes
configure:14644: checking whether the g++ linker (/usr/llvm-gcc-4.2/libexec/gcc/i686-apple-darwin11/4.2.1/ld) supports shared libraries
configure:14672: result: yes
configure:14815: checking dynamic linker characteristics
configure:15454: result: darwin11.1.0 dyld
configure:15507: checking how to hardcode library paths into programs
configure:15532: result: immediate
configure:15584: checking for a BSD-compatible install
configure:15640: result: /usr/bin/install -c
configure:15651: checking whether ln -s works
configure:15655: result: yes
configure:15662: checking for grep that handles long lines and -e
configure:15736: result: /usr/bin/grep
configure:15745: checking for gawk
configure:15772: result: awk
configure:15799: checking GLUT/glut.h usability
configure:15816: gcc -c -g -O2  conftest.c >&5
configure:15822: $? = 0
configure:15836: result: yes
configure:15840: checking GLUT/glut.h presence
configure:15855: gcc -E  conftest.c
configure:15861: $? = 0
configure:15875: result: yes
configure:15908: checking for GLUT/glut.h
configure:15916: result: yes
configure:15944: checking OpenGL/gl.h usability
configure:15961: gcc -c -g -O2  conftest.c >&5
configure:15967: $? = 0
configure:15981: result: yes
configure:15985: checking OpenGL/gl.h presence
configure:16000: gcc -E  conftest.c
configure:16006: $? = 0
configure:16020: result: yes
configure:16053: checking for OpenGL/gl.h
configure:16061: result: yes
configure:16089: checking GL/glut.h usability
configure:16106: gcc -c -g -O2  conftest.c >&5
conftest.c:57:21: error: GL/glut.h: No such file or directory
configure:16112: $? = 1
configure: failed program was:
| /* confdefs.h.  */
| #define PACKAGE_NAME "MedialAxisTransform"
| #define PACKAGE_TARNAME "medialaxistransform"
| #define PACKAGE_VERSION "1.0"
| #define PACKAGE_STRING "MedialAxisTransform 1.0"
| #define PACKAGE_BUGREPORT "beau@inbeta.org"
| #define PACKAGE "MedialAxisTransform"
| #define VERSION ""
| #define STDC_HEADERS 1
| #define HAVE_SYS_TYPES_H 1
| #define HAVE_SYS_STAT_H 1
| #define HAVE_STDLIB_H 1
| #define HAVE_STRING_H 1
| #define HAVE_MEMORY_H 1
| #define HAVE_STRINGS_H 1
| #define HAVE_INTTYPES_H 1
| #define HAVE_STDINT_H 1
| #define HAVE_UNISTD_H 1
| #define HAVE_DLFCN_H 1
| #define LT_OBJDIR ".libs/"
| #define HAVE_GLUT_GLUT_H 1
| #define HAVE_OPENGL_GL_H 1
| /* end confdefs.h.  */
| #include <stdio.h>
| #ifdef HAVE_SYS_TYPES_H
| # include <sys/types.h>
| #endif
| #ifdef HAVE_SYS_STAT_H
| # include <sys/stat.h>
| #endif
| #ifdef STDC_HEADERS
| # include <stdlib.h>
| # include <stddef.h>
| #else
| # ifdef HAVE_STDLIB_H
| #  include <stdlib.h>
| # endif
| #endif
| #ifdef HAVE_STRING_H
| # if !defined STDC_HEADERS && defined HAVE_MEMORY_H
| #  include <memory.h>
| # endif
| # include <string.h>
| #endif
| #ifdef HAVE_STRINGS_H
| # include <strings.h>
| #endif
| #ifdef HAVE_INTTYPES_H
| # include <inttypes.h>
| #endif
| #ifdef HAVE_STDINT_H
| # include <stdint.h>
| #endif
| #ifdef HAVE_UNISTD_H
| # include <unistd.h>
| #endif
| #include <GL/glut.h>
configure:16126: result: no
configure:16130: checking GL/glut.h presence
configure:16145: gcc -E  conftest.c
conftest.c:24:21: error: GL/glut.h: No such file or directory
configure:16151: $? = 1
configure: failed program was:
| /* confdefs.h.  */
| #define PACKAGE_NAME "MedialAxisTransform"
| #define PACKAGE_TARNAME "medialaxistransform"
| #define PACKAGE_VERSION "1.0"
| #define PACKAGE_STRING "MedialAxisTransform 1.0"
| #define PACKAGE_BUGREPORT "beau@inbeta.org"
| #define PACKAGE "MedialAxisTransform"
| #define VERSION ""
| #define STDC_HEADERS 1
| #define HAVE_SYS_TYPES_H 1
| #define HAVE_SYS_STAT_H 1
| #define HAVE_STDLIB_H 1
| #define HAVE_STRING_H 1
| #define HAVE_MEMORY_H 1
| #define HAVE_STRINGS_H 1
| #define HAVE_INTTYPES_H 1
| #define HAVE_STDINT_H 1
| #define HAVE_UNISTD_H 1
| #define HAVE_DLFCN_H 1
| #define LT_OBJDIR ".libs/"
| #define HAVE_GLUT_GLUT_H 1
| #define HAVE_OPENGL_GL_H 1
| /* end confdefs.h.  */
| #include <GL/glut.h>
configure:16165: result: no
configure:16198: checking for GL/glut.h
configure:16206: result: no
configure:16234: checking GL/gl.h usability
configure:16251: gcc -c -g -O2  conftest.c >&5
conftest.c:57:19: error: GL/gl.h: No such file or directory
configure:16257: $? = 1
configure: failed program was:
| /* confdefs.h.  */
| #define PACKAGE_NAME "MedialAxisTransform"
| #define PACKAGE_TARNAME "medialaxistransform"
| #define PACKAGE_VERSION "1.0"
| #define PACKAGE_STRING "MedialAxisTransform 1.0"
| #define PACKAGE_BUGREPORT "beau@inbeta.org"
| #define PACKAGE "MedialAxisTransform"
| #define VERSION ""
| #define STDC_HEADERS 1
| #define HAVE_SYS_TYPES_H 1
| #define HAVE_SYS_STAT_H 1
| #define HAVE_STDLIB_H 1
| #define HAVE_STRING_H 1
| #define HAVE_MEMORY_H 1
| #define HAVE_STRINGS_H 1
| #define HAVE_INTTYPES_H 1
| #define HAVE_STDINT_H 1
| #define HAVE_UNISTD_H 1
| #define HAVE_DLFCN_H 1
| #define LT_OBJDIR ".libs/"
| #define HAVE_GLUT_GLUT_H 1
| #define HAVE_OPENGL_GL_H 1
| /* end confdefs.h.  */
| #include <stdio.h>
| #ifdef HAVE_SYS_TYPES_H
| # include <sys/types.h>
| #endif
| #ifdef HAVE_SYS_STAT_H
| # include <sys/stat.h>
| #endif
| #ifdef STDC_HEADERS
| # include <stdlib.h>
| # include <stddef.h>
| #else
| # ifdef HAVE_STDLIB_H
| #  include <stdlib.h>
| # endif
| #endif
| #ifdef HAVE_STRING_H
| # if !defined STDC_HEADERS && defined HAVE_MEMORY_H
| #  include <memory.h>
| # endif
| # include <string.h>
| #endif
| #ifdef HAVE_STRINGS_H
| # include <strings.h>
| #endif
| #ifdef HAVE_INTTYPES_H
| # include <inttypes.h>
| #endif
| #ifdef HAVE_STDINT_H
| # include <stdint.h>
| #endif
| #ifdef HAVE_UNISTD_H
| # include <unistd.h>
| #endif
| #include <GL/gl.h>
configure:16271: result: no
configure:16275: checking GL/gl.h presence
configure:16290: gcc -E  conftest.c
conftest.c:24:19: error: GL/gl.h: No such file or directory
configure:16296: $? = 1
configure: failed program was:
| /* confdefs.h.  */
| #define PACKAGE_NAME "MedialAxisTransform"
| #define PACKAGE_TARNAME "medialaxistransform"
| #define PACKAGE_VERSION "1.0"
| #define PACKAGE_STRING "MedialAxisTransform 1.0"
| #define PACKAGE_BUGREPORT "beau@inbeta.org"
| #define PACKAGE "MedialAxisTransform"
| #define VERSION ""
| #define STDC_HEADERS 1
| #define HAVE_SYS_TYPES_H 1
| #define HAVE_SYS_STAT_H 1
| #define HAVE_STDLIB_H 1
| #define HAVE_STRING_H 1
| #define HAVE_MEMORY_H 1
| #define HAVE_STRINGS_H 1
| #define HAVE_INTTYPES_H 1
| #define HAVE_STDINT_H 1
| #define HAVE_UNISTD_H 1
| #define HAVE_DLFCN_H 1
| #define LT_OBJDIR ".libs/"
| #define HAVE_GLUT_GLUT_H 1
| #define HAVE_OPENGL_GL_H 1
| /* end confdefs.h.  */
| #include <GL/gl.h>
configure:16310: result: no
configure:16343: checking for GL/gl.h
configure:16351: result: no
configure:16379: checking math.h usability
configure:16396: gcc -c -g -O2  conftest.c >&5
configure:16402: $? = 0
configure:16416: result: yes
configure:16420: checking math.h presence
configure:16435: gcc -E  conftest.c
configure:16441: $? = 0
configure:16455: result: yes
configure:16488: checking for math.h
configure:16496: result: yes
configure:16524: checking stdio.h usability
configure:16541: gcc -c -g -O2  conftest.c >&5
configure:16547: $? = 0
configure:16561: result: yes
configure:16565: checking stdio.h presence
configure:16580: gcc -E  conftest.c
configure:16586: $? = 0
configure:16600: result: yes
configure:16633: checking for stdio.h
configure:16641: result: yes
configure:16659: checking for stdlib.h
configure:16665: result: yes
configure:16814: checking sys/time.h usability
configure:16831: gcc -c -g -O2  conftest.c >&5
configure:16837: $? = 0
configure:16851: result: yes
configure:16855: checking sys/time.h presence
configure:16870: gcc -E  conftest.c
configure:16876: $? = 0
configure:16890: result: yes
configure:16923: checking for sys/time.h
configure:16931: result: yes
configure:16959: checking iostream.h usability
configure:16976: gcc -c -g -O2  conftest.c >&5
conftest.c:61:22: error: iostream.h: No such file or directory
configure:16982: $? = 1
configure: failed program was:
| /* confdefs.h.  */
| #define PACKAGE_NAME "MedialAxisTransform"
| #define PACKAGE_TARNAME "medialaxistransform"
| #define PACKAGE_VERSION "1.0"
| #define PACKAGE_STRING "MedialAxisTransform 1.0"
| #define PACKAGE_BUGREPORT "beau@inbeta.org"
| #define PACKAGE "MedialAxisTransform"
| #define VERSION ""
| #define STDC_HEADERS 1
| #define HAVE_SYS_TYPES_H 1
| #define HAVE_SYS_STAT_H 1
| #define HAVE_STDLIB_H 1
| #define HAVE_STRING_H 1
| #define HAVE_MEMORY_H 1
| #define HAVE_STRINGS_H 1
| #define HAVE_INTTYPES_H 1
| #define HAVE_STDINT_H 1
| #define HAVE_UNISTD_H 1
| #define HAVE_DLFCN_H 1
| #define LT_OBJDIR ".libs/"
| #define HAVE_GLUT_GLUT_H 1
| #define HAVE_OPENGL_GL_H 1
| #define HAVE_MATH_H 1
| #define HAVE_STDIO_H 1
| #define HAVE_STDLIB_H 1
| #define HAVE_SYS_TIME_H 1
| /* end confdefs.h.  */
| #include <stdio.h>
| #ifdef HAVE_SYS_TYPES_H
| # include <sys/types.h>
| #endif
| #ifdef HAVE_SYS_STAT_H
| # include <sys/stat.h>
| #endif
| #ifdef STDC_HEADERS
| # include <stdlib.h>
| # include <stddef.h>
| #else
| # ifdef HAVE_STDLIB_H
| #  include <stdlib.h>
| # endif
| #endif
| #ifdef HAVE_STRING_H
| # if !defined STDC_HEADERS && defined HAVE_MEMORY_H
| #  include <memory.h>
| # endif
| # include <string.h>
| #endif
| #ifdef HAVE_STRINGS_H
| # include <strings.h>
| #endif
| #ifdef HAVE_INTTYPES_H
| # include <inttypes.h>
| #endif
| #ifdef HAVE_STDINT_H
| # include <stdint.h>
| #endif
| #ifdef HAVE_UNISTD_H
| # include <unistd.h>
| #endif
| #include <iostream.h>
configure:16996: result: no
configure:17000: checking iostream.h presence
configure:17015: gcc -E  conftest.c
conftest.c:28:22: error: iostream.h: No such file or directory
configure:17021: $? = 1
configure: failed program was:
| /* confdefs.h.  */
| #define PACKAGE_NAME "MedialAxisTransform"
| #define PACKAGE_TARNAME "medialaxistransform"
| #define PACKAGE_VERSION "1.0"
| #define PACKAGE_STRING "MedialAxisTransform 1.0"
| #define PACKAGE_BUGREPORT "beau@inbeta.org"
| #define PACKAGE "MedialAxisTransform"
| #define VERSION ""
| #define STDC_HEADERS 1
| #define HAVE_SYS_TYPES_H 1
| #define HAVE_SYS_STAT_H 1
| #define HAVE_STDLIB_H 1
| #define HAVE_STRING_H 1
| #define HAVE_MEMORY_H 1
| #define HAVE_STRINGS_H 1
| #define HAVE_INTTYPES_H 1
| #define HAVE_STDINT_H 1
| #define HAVE_UNISTD_H 1
| #define HAVE_DLFCN_H 1
| #define LT_OBJDIR ".libs/"
| #define HAVE_GLUT_GLUT_H 1
| #define HAVE_OPENGL_GL_H 1
| #define HAVE_MATH_H 1
| #define HAVE_STDIO_H 1
| #define HAVE_STDLIB_H 1
| #define HAVE_SYS_TIME_H 1
| /* end confdefs.h.  */
| #include <iostream.h>
configure:17035: result: no
configure:17068: checking for iostream.h
configure:17076: result: no
configure:17094: checking for string.h
configure:17100: result: yes
configure:17249: checking fstream.h usability
configure:17266: gcc -c -g -O2  conftest.c >&5
conftest.c:62:21: error: fstream.h: No such file or directory
configure:17272: $? = 1
configure: failed program was:
| /* confdefs.h.  */
| #define PACKAGE_NAME "MedialAxisTransform"
| #define PACKAGE_TARNAME "medialaxistransform"
| #define PACKAGE_VERSION "1.0"
| #define PACKAGE_STRING "MedialAxisTransform 1.0"
| #define PACKAGE_BUGREPORT "beau@inbeta.org"
| #define PACKAGE "MedialAxisTransform"
| #define VERSION ""
| #define STDC_HEADERS 1
| #define HAVE_SYS_TYPES_H 1
| #define HAVE_SYS_STAT_H 1
| #define HAVE_STDLIB_H 1
| #define HAVE_STRING_H 1
| #define HAVE_MEMORY_H 1
| #define HAVE_STRINGS_H 1
| #define HAVE_INTTYPES_H 1
| #define HAVE_STDINT_H 1
| #define HAVE_UNISTD_H 1
| #define HAVE_DLFCN_H 1
| #define LT_OBJDIR ".libs/"
| #define HAVE_GLUT_GLUT_H 1
| #define HAVE_OPENGL_GL_H 1
| #define HAVE_MATH_H 1
| #define HAVE_STDIO_H 1
| #define HAVE_STDLIB_H 1
| #define HAVE_SYS_TIME_H 1
| #define HAVE_STRING_H 1
| /* end confdefs.h.  */
| #include <stdio.h>
| #ifdef HAVE_SYS_TYPES_H
| # include <sys/types.h>
| #endif
| #ifdef HAVE_SYS_STAT_H
| # include <sys/stat.h>
| #endif
| #ifdef STDC_HEADERS
| # include <stdlib.h>
| # include <stddef.h>
| #else
| # ifdef HAVE_STDLIB_H
| #  include <stdlib.h>
| # endif
| #endif
| #ifdef HAVE_STRING_H
| # if !defined STDC_HEADERS && defined HAVE_MEMORY_H
| #  include <memory.h>
| # endif
| # include <string.h>
| #endif
| #ifdef HAVE_STRINGS_H
| # include <strings.h>
| #endif
| #ifdef HAVE_INTTYPES_H
| # include <inttypes.h>
| #endif
| #ifdef HAVE_STDINT_H
| # include <stdint.h>
| #endif
| #ifdef HAVE_UNISTD_H
| # include <unistd.h>
| #endif
| #include <fstream.h>
configure:17286: result: no
configure:17290: checking fstream.h presence
configure:17305: gcc -E  conftest.c
conftest.c:29:21: error: fstream.h: No such file or directory
configure:17311: $? = 1
configure: failed program was:
| /* confdefs.h.  */
| #define PACKAGE_NAME "MedialAxisTransform"
| #define PACKAGE_TARNAME "medialaxistransform"
| #define PACKAGE_VERSION "1.0"
| #define PACKAGE_STRING "MedialAxisTransform 1.0"
| #define PACKAGE_BUGREPORT "beau@inbeta.org"
| #define PACKAGE "MedialAxisTransform"
| #define VERSION ""
| #define STDC_HEADERS 1
| #define HAVE_SYS_TYPES_H 1
| #define HAVE_SYS_STAT_H 1
| #define HAVE_STDLIB_H 1
| #define HAVE_STRING_H 1
| #define HAVE_MEMORY_H 1
| #define HAVE_STRINGS_H 1
| #define HAVE_INTTYPES_H 1
| #define HAVE_STDINT_H 1
| #define HAVE_UNISTD_H 1
| #define HAVE_DLFCN_H 1
| #define LT_OBJDIR ".libs/"
| #define HAVE_GLUT_GLUT_H 1
| #define HAVE_OPENGL_GL_H 1
| #define HAVE_MATH_H 1
| #define HAVE_STDIO_H 1
| #define HAVE_STDLIB_H 1
| #define HAVE_SYS_TIME_H 1
| #define HAVE_STRING_H 1
| /* end confdefs.h.  */
| #include <fstream.h>
configure:17325: result: no
configure:17358: checking for fstream.h
configure:17366: result: no
configure:17384: checking for iostream.h
configure:17390: result: no
configure:17696: checking dependency style of gcc
configure:17787: result: gcc3
configure:17804: checking dependency style of g++
configure:17895: result: gcc3
configure:18055: creating ./config.status

## ---------------------- ##
## Running config.status. ##
## ---------------------- ##

This file was extended by MedialAxisTransform config.status 1.0, which was
generated by GNU Autoconf 2.61.  Invocation command line was

  CONFIG_FILES    = 
  CONFIG_HEADERS  = 
  CONFIG_LINKS    = 
  CONFIG_COMMANDS = 
  $ ./config.status 

on Beaus-MacBook-Pro.local

config.status:912: creating Makefile
config.status:912: creating config.h
config.status:1149: config.h is unchanged
config.status:1195: executing depfiles commands
config.status:1195: executing libtool commands

## ---------------- ##
## Cache variables. ##
## ---------------- ##

ac_cv_build=i386-apple-darwin11.1.0
ac_cv_c_compiler_gnu=yes
ac_cv_cxx_compiler_gnu=yes
ac_cv_env_CCC_set=
ac_cv_env_CCC_value=
ac_cv_env_CC_set=
ac_cv_env_CC_value=
ac_cv_env_CFLAGS_set=
ac_cv_env_CFLAGS_value=
ac_cv_env_CPPFLAGS_set=
ac_cv_env_CPPFLAGS_value=
ac_cv_env_CPP_set=
ac_cv_env_CPP_value=
ac_cv_env_CXXCPP_set=
ac_cv_env_CXXCPP_value=
ac_cv_env_CXXFLAGS_set=
ac_cv_env_CXXFLAGS_value=
ac_cv_env_CXX_set=
ac_cv_env_CXX_value=
ac_cv_env_LDFLAGS_set=
ac_cv_env_LDFLAGS_value=
ac_cv_env_LIBS_set=
ac_cv_env_LIBS_value=
ac_cv_env_build_alias_set=
ac_cv_env_build_alias_value=
ac_cv_env_host_alias_set=
ac_cv_env_host_alias_value=
ac_cv_env_target_alias_set=
ac_cv_env_target_alias_value=
ac_cv_header_GLUT_glut_h=yes
ac_cv_header_GL_gl_h=no
ac_cv_header_GL_glut_h=no
ac_cv_header_OpenGL_gl_h=yes
ac_cv_header_dlfcn_h=yes
ac_cv_header_fstream_h=no
ac_cv_header_inttypes_h=yes
ac_cv_header_iostream_h=no
ac_cv_header_math_h=yes
ac_cv_header_memory_h=yes
ac_cv_header_stdc=yes
ac_cv_header_stdint_h=yes
ac_cv_header_stdio_h=yes
ac_cv_header_stdlib_h=yes
ac_cv_header_string_h=yes
ac_cv_header_strings_h=yes
ac_cv_header_sys_stat_h=yes
ac_cv_header_sys_time_h=yes
ac_cv_header_sys_types_h=yes
ac_cv_header_unistd_h=yes
ac_cv_host=i386-apple-darwin11.1.0
ac_cv_objext=o
ac_cv_path_EGREP='/usr/bin/grep -E'
ac_cv_path_FGREP='/usr/bin/grep -F'
ac_cv_path_GREP=/usr/bin/grep
ac_cv_path_SED=/usr/bin/sed
ac_cv_path_install='/usr/bin/install -c'
ac_cv_prog_AWK=awk
ac_cv_prog_CPP='gcc -E'
ac_cv_prog_CXXCPP='g++ -E'
ac_cv_prog_ac_ct_AR=ar
ac_cv_prog_ac_ct_CC=gcc
ac_cv_prog_ac_ct_CXX=g++
ac_cv_prog_ac_ct_DSYMUTIL=dsymutil
ac_cv_prog_ac_ct_LIPO=lipo
ac_cv_prog_ac_ct_NMEDIT=nmedit
ac_cv_prog_ac_ct_OTOOL=otool
ac_cv_prog_ac_ct_RANLIB=ranlib
ac_cv_prog_ac_ct_STRIP=strip
ac_cv_prog_cc_c89=
ac_cv_prog_cc_g=yes
ac_cv_prog_cxx_g=yes
ac_cv_prog_make_make_set=yes
am_cv_CC_dependencies_compiler_type=gcc3
am_cv_CXX_dependencies_compiler_type=gcc3
lt_cv_apple_cc_single_mod=yes
lt_cv_deplibs_check_method=pass_all
lt_cv_file_magic_cmd='$MAGIC_CMD'
lt_cv_file_magic_test_file=
lt_cv_ld_exported_symbols_list=yes
lt_cv_ld_force_load=yes
lt_cv_ld_reload_flag=-r
lt_cv_nm_interface='BSD nm'
lt_cv_objdir=.libs
lt_cv_path_LD=/usr/llvm-gcc-4.2/libexec/gcc/i686-apple-darwin11/4.2.1/ld
lt_cv_path_LDCXX=/usr/llvm-gcc-4.2/libexec/gcc/i686-apple-darwin11/4.2.1/ld
lt_cv_path_NM=/usr/bin/nm
lt_cv_prog_compiler_c_o=yes
lt_cv_prog_compiler_c_o_CXX=yes
lt_cv_prog_compiler_pic_works=yes
lt_cv_prog_compiler_pic_works_CXX=yes
lt_cv_prog_compiler_rtti_exceptions=no
lt_cv_prog_compiler_static_works=no
lt_cv_prog_compiler_static_works_CXX=no
lt_cv_prog_gnu_ld=no
lt_cv_prog_gnu_ldcxx=no
lt_cv_sys_global_symbol_pipe='sed -n -e '\''s/^.*[	 ]\([BCDEGRST][BCDEGRST]*\)[	 ][	 ]*_\([_A-Za-z][_A-Za-z0-9]*\)$/\1 _\2 \2/p'\'''
lt_cv_sys_global_symbol_to_c_name_address='sed -n -e '\''s/^: \([^ ]*\) $/  {\"\1\", (void *) 0},/p'\'' -e '\''s/^[BCDEGRST]* \([^ ]*\) \([^ ]*\)$/  {"\2", (void *) \&\2},/p'\'''
lt_cv_sys_global_symbol_to_c_name_address_lib_prefix='sed -n -e '\''s/^: \([^ ]*\) $/  {\"\1\", (void *) 0},/p'\'' -e '\''s/^[BCDEGRST]* \([^ ]*\) \(lib[^ ]*\)$/  {"\2", (void *) \&\2},/p'\'' -e '\''s/^[BCDEGRST]* \([^ ]*\) \([^ ]*\)$/  {"lib\2", (void *) \&\2},/p'\'''
lt_cv_sys_global_symbol_to_cdecl='sed -n -e '\''s/^T .* \(.*\)$/extern int \1();/p'\'' -e '\''s/^[BCDEGRST]* .* \(.*\)$/extern char \1;/p'\'''
lt_cv_sys_max_cmd_len=196608

## ----------------- ##
## Output variables. ##
## ----------------- ##

ACLOCAL='${SHELL} /Users/beau/Documents/FourthYear/miscProjects/MedialAxisTransform/MedialAxisTransform/missing --run aclocal-1.10'
AMDEPBACKSLASH='\'
AMDEP_FALSE='#'
AMDEP_TRUE=''
AMTAR='${SHELL} /Users/beau/Documents/FourthYear/miscProjects/MedialAxisTransform/MedialAxisTransform/missing --run tar'
AR='ar'
AUTOCONF='${SHELL} /Users/beau/Documents/FourthYear/miscProjects/MedialAxisTransform/MedialAxisTransform/missing --run autoconf'
AUTOHEADER='${SHELL} /Users/beau/Documents/FourthYear/miscProjects/MedialAxisTransform/MedialAxisTransform/missing --run autoheader'
AUTOMAKE='${SHELL} /Users/beau/Documents/FourthYear/miscProjects/MedialAxisTransform/MedialAxisTransform/missing --run automake-1.10'
AWK='awk'
CC='gcc'
CCDEPMODE='depmode=gcc3'
CFLAGS='-g -O2'
CPP='gcc -E'
CPPFLAGS=''
CXX='g++'
CXXCPP='g++ -E'
CXXDEPMODE='depmode=gcc3'
CXXFLAGS='-g -O2'
CYGPATH_W='echo'
DEFS='-DHAVE_CONFIG_H'
DEPDIR='.deps'
DSYMUTIL='dsymutil'
DUMPBIN=''
ECHO_C='ECHO_N=''
ECHO_T=''
EGREP='/usr/bin/grep -E'
EXEEXT=''
FGREP='/usr/bin/grep -F'
GREP='/usr/bin/grep'
INSTALL_DATA='${INSTALL} -m 644'
INSTALL_PROGRAM='${INSTALL}'
INSTALL_SCRIPT='${INSTALL}'
INSTALL_STRIP_PROGRAM='$(install_sh) -c -s'
LD='/usr/llvm-gcc-4.2/libexec/gcc/i686-apple-darwin11/4.2.1/ld'
LDFLAGS=''
LIBOBJS=''
LIBS=''
LIBTOOL='$(SHELL) $(top_builddir)/libtool'
LIPO='lipo'
LN_S='ln -s'
LTLIBOBJS=''
MAKEINFO='${SHELL} /Users/beau/Documents/FourthYear/miscProjects/MedialAxisTransform/MedialAxisTransform/missing --run makeinfo'
NM='/usr/bin/nm'
NMEDIT='nmedit'
OBJDUMP='false'
OBJEXT='o'
OTOOL64=':'
OTOOL='otool'
PACKAGE='medialaxistransform'
PACKAGE_BUGREPORT='beau@inbeta.org'
PACKAGE_NAME='MedialAxisTransform'
PACKAGE_STRING='MedialAxisTransform 1.0'
PACKAGE_TARNAME='medialaxistransform'
PACKAGE_VERSION='1.0'
PATH_SEPARATOR=':'
RANLIB='ranlib'
SED='/usr/bin/sed'
SET_MAKE=''
SHELL='/bin/sh'
STRIP='strip'
VERSION='1.0'
ac_ct_CC='gcc'
ac_ct_CXX='g++'
ac_ct_DUMPBIN=''
am__fastdepCC_FALSE='#'
am__fastdepCC_TRUE=''
am__fastdepCXX_FALSE='#'
am__fastdepCXX_TRUE=''
am__include='include'
am__isrc=''
am__leading_dot='.'
am__quote=''
am__tar='${AMTAR} chof - "$$tardir"'
am__untar='${AMTAR} xf -'
bindir='${exec_prefix}/bin'
build='i386-apple-darwin11.1.0'
build_alias=''
build_cpu='i386'
build_os='darwin11.1.0'
build_vendor='apple'
datadir='${datarootdir}'
datarootdir='${prefix}/share'
docdir='${datarootdir}/doc/${PACKAGE_TARNAME}'
dvidir='${docdir}'
exec_prefix='${prefix}'
host='i386-apple-darwin11.1.0'
host_alias=''
host_cpu='i386'
host_os='darwin11.1.0'
host_vendor='apple'
htmldir='${docdir}'
includedir='${prefix}/include'
infodir='${datarootdir}/info'
install_sh='$(SHELL) /Users/beau/Documents/FourthYear/miscProjects/MedialAxisTransform/MedialAxisTransform/install-sh'
libdir='${exec_prefix}/lib'
libexecdir='${exec_prefix}/libexec'
localedir='${datarootdir}/locale'
localstatedir='${prefix}/var'
mandir='${datarootdir}/man'
mkdir_p='$(top_builddir)/./install-sh -c -d'
oldincludedir='/usr/include'
pdfdir='${docdir}'
prefix='/usr/local'
program_transform_name='s,x,x,'
psdir='${docdir}'
sbindir='${exec_prefix}/sbin'
sharedstatedir='${prefix}/com'
sysconfdir='${prefix}/etc'
target_alias=''

## ----------- ##
## confdefs.h. ##
## ----------- ##

#define PACKAGE_NAME "MedialAxisTransform"
#define PACKAGE_TARNAME "medialaxistransform"
#define PACKAGE_VERSION "1.0"
#define PACKAGE_STRING "MedialAxisTransform 1.0"
#define PACKAGE_BUGREPORT "beau@inbeta.org"
#define PACKAGE "MedialAxisTransform"
#define VERSION ""
#define STDC_HEADERS 1
#define HAVE_SYS_TYPES_H 1
#define HAVE_SYS_STAT_H 1
#define HAVE_STDLIB_H 1
#define HAVE_STRING_H 1
#define HAVE_MEMORY_H 1
#define HAVE_STRINGS_H 1
#define HAVE_INTTYPES_H 1
#define HAVE_STDINT_H 1
#define HAVE_UNISTD_H 1
#define HAVE_DLFCN_H 1
#define LT_OBJDIR ".libs/"
#define HAVE_GLUT_GLUT_H 1
#define HAVE_OPENGL_GL_H 1
#define HAVE_MATH_H 1
#define HAVE_STDIO_H 1
#define HAVE_STDLIB_H 1
#define HAVE_SYS_TIME_H 1
#define HAVE_STRING_H 1
#define PACKAGE "medialaxistransform"
#define VERSION "1.0"

configure: exit 0
